ðŸ”— Found pyo3 bindings
ðŸ Found CPython 3.13 at /projects/bfdz/zluo8/tool_and_judge2/.venv/bin/python
warning: unused variable: `configs`
  --> src/lib.rs:15:29
   |
15 |     async fn tool_run_async(configs: Py<PyList>, num_gpus: usize) {
   |                             ^^^^^^^ help: if this is intentional, prefix it with an underscore: `_configs`
   |
   = note: `#[warn(unused_variables)]` on by default

warning: unused variable: `num_gpus`
  --> src/lib.rs:15:50
   |
15 |     async fn tool_run_async(configs: Py<PyList>, num_gpus: usize) {
   |                                                  ^^^^^^^^ help: if this is intentional, prefix it with an underscore: `_num_gpus`

warning: `codebase_rs` (lib) generated 2 warnings
    Finished `release` profile [optimized] target(s) in 1.00s
ðŸ“– Found type stub file at codebase_rs.pyi
ðŸ“¦ Built wheel for CPython 3.13 to /tmp/.tmptO9oSQ/codebase_rs-0.1.0-cp313-cp313-linux_x86_64.whl
ðŸ›  Installed codebase_rs-0.1.0
/projects/bfdz/zluo8/tool_and_judge2/.venv/lib/python3.13/site-packages/transformers/models/auto/tokenization_auto.py:1041: FutureWarning: The `use_auth_token` argument is deprecated and will be removed in v5 of Transformers. Please use `token` instead.
  warnings.warn(
The argument `trust_remote_code` is to be used with Auto classes. It has no effect here and is ignored.
[0;36m(EngineCore_DP0 pid=1121622)[0;0m [0;36m(Worker_TP0 pid=1121628)[0;0m Loading safetensors checkpoint shards:   0% Completed | 0/30 [00:00<?, ?it/s]
[0;36m(EngineCore_DP0 pid=1121622)[0;0m [0;36m(Worker_TP0 pid=1121628)[0;0m Loading safetensors checkpoint shards:   3% Completed | 1/30 [00:03<01:37,  3.36s/it]
[0;36m(EngineCore_DP0 pid=1121622)[0;0m [0;36m(Worker_TP0 pid=1121628)[0;0m Loading safetensors checkpoint shards:   7% Completed | 2/30 [00:06<01:29,  3.21s/it]
