ðŸ”— Found pyo3 bindings
ðŸ Found CPython 3.13 at /projects/bfdz/zluo8/tool_and_judge2/.venv/bin/python
warning: unused variable: `configs`
  --> src/lib.rs:16:29
   |
16 |     async fn tool_run_async(configs: Py<PyList>, num_gpus: usize) {
   |                             ^^^^^^^ help: if this is intentional, prefix it with an underscore: `_configs`
   |
   = note: `#[warn(unused_variables)]` on by default

warning: unused variable: `num_gpus`
  --> src/lib.rs:16:50
   |
16 |     async fn tool_run_async(configs: Py<PyList>, num_gpus: usize) {
   |                                                  ^^^^^^^^ help: if this is intentional, prefix it with an underscore: `_num_gpus`

warning: `codebase_rs` (lib) generated 2 warnings
    Finished `release` profile [optimized] target(s) in 0.54s
ðŸ“– Found type stub file at codebase_rs.pyi
ðŸ“¦ Built wheel for CPython 3.13 to /tmp/.tmpraSbLo/codebase_rs-0.1.0-cp313-cp313-linux_x86_64.whl
ðŸ›  Installed codebase_rs-0.1.0
/projects/bfdz/zluo8/tool_and_judge2/.venv/lib/python3.13/site-packages/transformers/models/auto/tokenization_auto.py:1041: FutureWarning: The `use_auth_token` argument is deprecated and will be removed in v5 of Transformers. Please use `token` instead.
  warnings.warn(
/projects/bfdz/zluo8/tool_and_judge2/.venv/lib/python3.13/site-packages/transformers/models/auto/auto_factory.py:492: FutureWarning: The `use_auth_token` argument is deprecated and will be removed in v5 of Transformers. Please use `token` instead.
  warnings.warn(
`torch_dtype` is deprecated! Use `dtype` instead!
Loading checkpoint shards:   0%|          | 0/5 [00:00<?, ?it/s]Loading checkpoint shards:  20%|â–ˆâ–ˆ        | 1/5 [00:01<00:07,  1.92s/it]Loading checkpoint shards:  40%|â–ˆâ–ˆâ–ˆâ–ˆ      | 2/5 [00:03<00:05,  1.93s/it]Loading checkpoint shards:  60%|â–ˆâ–ˆâ–ˆâ–ˆâ–ˆâ–ˆ    | 3/5 [00:05<00:03,  1.92s/it]Loading checkpoint shards:  80%|â–ˆâ–ˆâ–ˆâ–ˆâ–ˆâ–ˆâ–ˆâ–ˆ  | 4/5 [00:07<00:01,  1.77s/it]Loading checkpoint shards: 100%|â–ˆâ–ˆâ–ˆâ–ˆâ–ˆâ–ˆâ–ˆâ–ˆâ–ˆâ–ˆ| 5/5 [00:07<00:00,  1.35s/it]Loading checkpoint shards: 100%|â–ˆâ–ˆâ–ˆâ–ˆâ–ˆâ–ˆâ–ˆâ–ˆâ–ˆâ–ˆ| 5/5 [00:07<00:00,  1.58s/it]
