ðŸ”— Found pyo3 bindings
ðŸ Found CPython 3.13 at /projects/bfdz/zluo8/tool_and_judge2/.venv/bin/python
warning: failed to save last-use data
This may prevent cargo from accurately tracking what is being used in its global cache. This information is used for automatically removing unused data in the cache.

database is locked

Caused by:
  Error code 5: The database file is locked
   Compiling codebase_rs v0.1.0 (/projects/bfdz/zluo8/tool_and_judge2)
warning: unused variable: `configs`
  --> src/lib.rs:16:29
   |
16 |     async fn tool_run_async(configs: Py<PyList>, num_gpus: usize) {
   |                             ^^^^^^^ help: if this is intentional, prefix it with an underscore: `_configs`
   |
   = note: `#[warn(unused_variables)]` on by default

warning: unused variable: `num_gpus`
  --> src/lib.rs:16:50
   |
16 |     async fn tool_run_async(configs: Py<PyList>, num_gpus: usize) {
   |                                                  ^^^^^^^^ help: if this is intentional, prefix it with an underscore: `_num_gpus`

warning: `codebase_rs` (lib) generated 2 warnings
    Finished `release` profile [optimized] target(s) in 12.20s
ðŸ“– Found type stub file at codebase_rs.pyi
ðŸ“¦ Built wheel for CPython 3.13 to /tmp/.tmpnfuzcp/codebase_rs-0.1.0-cp313-cp313-linux_x86_64.whl
ðŸ’¥ maturin failed
  Caused by: pip install in /projects/bfdz/zluo8/tool_and_judge2/.venv failed running ["-m", "pip", "--disable-pip-version-check", "install", "--no-deps", "--force-reinstall", "/tmp/.tmpnfuzcp/codebase_rs-0.1.0-cp313-cp313-linux_x86_64.whl"]: exit status: 1
--- Stdout:
Processing /tmp/.tmpnfuzcp/codebase_rs-0.1.0-cp313-cp313-linux_x86_64.whl
Installing collected packages: codebase-rs
  Attempting uninstall: codebase-rs
    Found existing installation: codebase_rs 0.1.0
    Uninstalling codebase_rs-0.1.0:
--- Stderr:
ERROR: Could not install packages due to an OSError: [Errno 2] No such file or directory: '/projects/bfdz/zluo8/tool_and_judge2/.venv/lib/python3.13/site-packages/codebase_rs-0.1.0.dist-info/'
---

Traceback (most recent call last):
  File "/projects/bfdz/zluo8/tool_and_judge2/judge.py", line 46, in <module>
    result = subprocess.run(["maturin", "develop", "--release"], check=True)
  File "/sw/rh9.4/spack/v1.0.0/sw/linux-x86_64_v2/python-3.13.5-7bp2p4z/lib/python3.13/subprocess.py", line 577, in run
    raise CalledProcessError(retcode, process.args,
                             output=stdout, stderr=stderr)
subprocess.CalledProcessError: Command '['maturin', 'develop', '--release']' returned non-zero exit status 1.
